<?xml version="1.0" encoding="UTF-8"?>
<testng-results skipped="0" failed="0" ignored="0" total="1" passed="1">
  <reporter-output>
  </reporter-output>
  <suite name="Command line suite" duration-ms="93680" started-at="2021-06-26T03:45:37Z" finished-at="2021-06-26T03:47:10Z">
    <groups>
    </groups>
    <test name="Command line test" duration-ms="93680" started-at="2021-06-26T03:45:37Z" finished-at="2021-06-26T03:47:10Z">
      <class name="com.jakartalabs.assignment2may2021.tests.AppTest">
        <test-method status="PASS" signature="createWebDriver()[pri:0, instance:com.jakartalabs.assignment2may2021.tests.AppTest@14acaea5]" name="createWebDriver" is-config="true" duration-ms="39657" started-at="2021-06-26T03:45:37Z" finished-at="2021-06-26T03:46:16Z">
          <reporter-output>
          </reporter-output>
        </test-method> <!-- createWebDriver -->
        <test-method status="PASS" signature="LoginAndCreateProject()[pri:0, instance:com.jakartalabs.assignment2may2021.tests.AppTest@14acaea5]" name="LoginAndCreateProject" duration-ms="52967" started-at="2021-06-26T03:46:16Z" finished-at="2021-06-26T03:47:09Z">
          <reporter-output>
          </reporter-output>
        </test-method> <!-- LoginAndCreateProject -->
        <test-method status="PASS" signature="quitWebDriver(org.testng.ITestResult)[pri:0, instance:com.jakartalabs.assignment2may2021.tests.AppTest@14acaea5]" name="quitWebDriver" is-config="true" duration-ms="988" started-at="2021-06-26T03:47:09Z" finished-at="2021-06-26T03:47:10Z">
          <params>
            <param index="0">
              <value>
                <![CDATA[[TestResult name=LoginAndCreateProject status=SUCCESS method=AppTest.LoginAndCreateProject()[pri:0, instance:com.jakartalabs.assignment2may2021.tests.AppTest@14acaea5] output={null}]]]>
              </value>
            </param>
          </params>
          <reporter-output>
          </reporter-output>
        </test-method> <!-- quitWebDriver -->
      </class> <!-- com.jakartalabs.assignment2may2021.tests.AppTest -->
    </test> <!-- Command line test -->
  </suite> <!-- Command line suite -->
</testng-results>
