<?xml version="1.0" encoding="UTF-8"?>
<testng-results skipped="0" failed="0" ignored="0" total="1" passed="1">
  <reporter-output>
  </reporter-output>
  <suite name="Web Test Suite" duration-ms="96007" started-at="2021-06-27T04:13:46Z" finished-at="2021-06-27T04:15:22Z">
    <groups>
    </groups>
    <test name="Web Tests" duration-ms="96007" started-at="2021-06-27T04:13:46Z" finished-at="2021-06-27T04:15:22Z">
      <class name="com.jakartalabs.assignment2may2021.tests.AppTest">
        <test-method status="PASS" signature="createWebDriver()[pri:0, instance:com.jakartalabs.assignment2may2021.tests.AppTest@475530b9]" name="createWebDriver" is-config="true" duration-ms="43308" started-at="2021-06-27T04:13:46Z" finished-at="2021-06-27T04:14:29Z">
          <reporter-output>
          </reporter-output>
        </test-method> <!-- createWebDriver -->
        <test-method status="PASS" signature="LoginAndCreateProject()[pri:0, instance:com.jakartalabs.assignment2may2021.tests.AppTest@475530b9]" name="LoginAndCreateProject" duration-ms="51537" started-at="2021-06-27T04:14:29Z" finished-at="2021-06-27T04:15:21Z">
          <reporter-output>
          </reporter-output>
        </test-method> <!-- LoginAndCreateProject -->
        <test-method status="PASS" signature="quitWebDriver(org.testng.ITestResult)[pri:0, instance:com.jakartalabs.assignment2may2021.tests.AppTest@475530b9]" name="quitWebDriver" is-config="true" duration-ms="1107" started-at="2021-06-27T04:15:21Z" finished-at="2021-06-27T04:15:22Z">
          <params>
            <param index="0">
              <value>
                <![CDATA[[TestResult name=LoginAndCreateProject status=SUCCESS method=AppTest.LoginAndCreateProject()[pri:0, instance:com.jakartalabs.assignment2may2021.tests.AppTest@475530b9] output={null}]]]>
              </value>
            </param>
          </params>
          <reporter-output>
          </reporter-output>
        </test-method> <!-- quitWebDriver -->
      </class> <!-- com.jakartalabs.assignment2may2021.tests.AppTest -->
    </test> <!-- Web Tests -->
  </suite> <!-- Web Test Suite -->
</testng-results>
