<?xml version="1.0" encoding="UTF-8"?>
<testng-results skipped="0" failed="0" ignored="0" total="1" passed="1">
  <reporter-output>
  </reporter-output>
  <suite name="Web Test Suite" duration-ms="70897" started-at="2021-06-27T03:48:30Z" finished-at="2021-06-27T03:49:41Z">
    <groups>
    </groups>
    <test name="Web Tests" duration-ms="70897" started-at="2021-06-27T03:48:30Z" finished-at="2021-06-27T03:49:41Z">
      <class name="com.jakartalabs.assignment2may2021.tests.AppTest">
        <test-method status="PASS" signature="createWebDriver()[pri:0, instance:com.jakartalabs.assignment2may2021.tests.AppTest@3701eaf6]" name="createWebDriver" is-config="true" duration-ms="17300" started-at="2021-06-27T03:48:31Z" finished-at="2021-06-27T03:48:48Z">
          <reporter-output>
          </reporter-output>
        </test-method> <!-- createWebDriver -->
        <test-method status="PASS" signature="LoginAndCreateProject()[pri:0, instance:com.jakartalabs.assignment2may2021.tests.AppTest@3701eaf6]" name="LoginAndCreateProject" duration-ms="52531" started-at="2021-06-27T03:48:48Z" finished-at="2021-06-27T03:49:40Z">
          <reporter-output>
          </reporter-output>
        </test-method> <!-- LoginAndCreateProject -->
        <test-method status="PASS" signature="quitWebDriver(org.testng.ITestResult)[pri:0, instance:com.jakartalabs.assignment2may2021.tests.AppTest@3701eaf6]" name="quitWebDriver" is-config="true" duration-ms="995" started-at="2021-06-27T03:49:40Z" finished-at="2021-06-27T03:49:41Z">
          <params>
            <param index="0">
              <value>
                <![CDATA[[TestResult name=LoginAndCreateProject status=SUCCESS method=AppTest.LoginAndCreateProject()[pri:0, instance:com.jakartalabs.assignment2may2021.tests.AppTest@3701eaf6] output={null}]]]>
              </value>
            </param>
          </params>
          <reporter-output>
          </reporter-output>
        </test-method> <!-- quitWebDriver -->
      </class> <!-- com.jakartalabs.assignment2may2021.tests.AppTest -->
    </test> <!-- Web Tests -->
  </suite> <!-- Web Test Suite -->
</testng-results>
